<?xml version="1.0" encoding="UTF-8"?>
<testsuite name="TestaAgenda" tests="1" skipped="0" failures="0" errors="0" timestamp="2025-03-06T06:11:20" hostname="DESKTOP-R8QTKK0" time="0.042">
  <properties/>
  <testcase name="testeRemover()" classname="TestaAgenda" time="0.042"/>
  <system-out><![CDATA[Contato removido!!
]]></system-out>
  <system-err><![CDATA[]]></system-err>
</testsuite>
